<?xml version="1.0" encoding="utf-8" standalone="no"?>
<!--This file represents the results of running a test suite-->
<test-results name="E:\GoogleDrive\Projects\SOURCE\MyAppCI\MyAppTests\bin\Release\MyAppTests.dll" total="0" errors="0" failures="0" not-run="0" inconclusive="0" ignored="0" skipped="0" invalid="0" date="2015-04-26" time="19:18:14">
  <environment nunit-version="2.6.4.14350" clr-version="2.0.50727.8657" os-version="Microsoft Windows NT 6.2.9200.0" platform="Win32NT" cwd="E:\GoogleDrive\Projects\SOURCE\MyAppCI" machine-name="WIN-B19TB5HDLLG" user="Szilard" user-domain="WIN-B19TB5HDLLG" />
  <culture-info current-culture="en-US" current-uiculture="en-US" />
  <test-suite type="Assembly" name="E:\GoogleDrive\Projects\SOURCE\MyAppCI\MyAppTests\bin\Release\MyAppTests.dll" executed="True" result="Inconclusive" success="False" time="0.013" asserts="0" />
</test-results>